<?xml version="1.0" encoding="UTF-8"?>
<!-- Generated by org.testng.reporters.JUnitReportReporter -->
<testsuite hostname="Rahul" failures="0" tests="3" name="Provalic.VerifyHomePage" time="7.332" errors="0" timestamp="2024-12-27T08:36:27 IST" skipped="0">
  <testcase classname="Provalic.VerifyHomePage" name="VerifyLogin" time="5.650"/>
  <system-out/>
  <testcase classname="Provalic.VerifyHomePage" name="verifyWallet" time="1.577"/>
  <system-out/>
  <testcase classname="Provalic.VerifyHomePage" name="verifyUser" time="0.105"/>
  <system-out/>
</testsuite> <!-- Provalic.VerifyHomePage -->
